2025-11-12 22:39:49,461 - INFO - 127.0.0.1 - - [12/Nov/2025 22:39:49] "GET /health HTTP/1.1" 200 -
2025-11-12 22:41:14,398 - INFO - ======================================================================
2025-11-12 22:41:14,398 - INFO - 🏠 SOI Scraper Service Starting
2025-11-12 22:41:14,398 - INFO - ======================================================================
2025-11-12 22:41:14,398 - INFO - Django Project: /home/mg/Deploy/az_sunshine/backend
2025-11-12 22:41:14,398 - INFO - VPS Webhook: https://167.172.30.134/api/v1/soi/webhook/
2025-11-12 22:41:14,398 - INFO - Service Port: 5000
2025-11-12 22:41:14,398 - INFO - ======================================================================
2025-11-12 22:41:14,401 - INFO - [31m[1mWARNING: This is a development server. Do not use it in a production deployment. Use a production WSGI server instead.[0m
 * Running on all addresses (0.0.0.0)
 * Running on http://127.0.0.1:5000
 * Running on http://192.168.1.6:5000
2025-11-12 22:41:14,401 - INFO - [33mPress CTRL+C to quit[0m
2025-11-12 22:50:02,604 - INFO - ======================================================================
2025-11-12 22:50:02,604 - INFO - 🏠 SOI Scraper Service Starting
2025-11-12 22:50:02,604 - INFO - ======================================================================
2025-11-12 22:50:02,604 - INFO - Django Project: /home/mg/Deploy/az_sunshine/backend
2025-11-12 22:50:02,604 - INFO - VPS Webhook: https://167.172.30.134/api/v1/soi/webhook/
2025-11-12 22:50:02,604 - INFO - Service Port: 5000
2025-11-12 22:50:02,604 - INFO - ======================================================================
2025-11-12 22:50:02,607 - INFO - [31m[1mWARNING: This is a development server. Do not use it in a production deployment. Use a production WSGI server instead.[0m
 * Running on all addresses (0.0.0.0)
 * Running on http://127.0.0.1:5000
 * Running on http://192.168.1.6:5000
2025-11-12 22:50:02,607 - INFO - [33mPress CTRL+C to quit[0m
2025-11-12 23:09:27,828 - INFO - 127.0.0.1 - - [12/Nov/2025 23:09:27] "GET /health HTTP/1.1" 200 -
2025-11-12 23:15:13,699 - WARNING - ⚠️  Unauthorized trigger attempt
2025-11-12 23:15:13,699 - INFO - 127.0.0.1 - - [12/Nov/2025 23:15:13] "[31m[1mPOST /trigger HTTP/1.1[0m" 401 -
2025-11-12 23:17:12,597 - INFO - 127.0.0.1 - - [12/Nov/2025 23:17:12] "GET /health HTTP/1.1" 200 -
2025-11-12 23:18:05,189 - INFO - ======================================================================
2025-11-12 23:18:05,189 - INFO - 🏠 SOI Scraper Service Starting
2025-11-12 23:18:05,189 - INFO - ======================================================================
2025-11-12 23:18:05,189 - INFO - Django Project: /home/mg/Deploy/az_sunshine
2025-11-12 23:18:05,189 - INFO - VPS Webhook: https://167.172.30.134/api/v1/soi/webhook/
2025-11-12 23:18:05,189 - INFO - Service Port: 5000
2025-11-12 23:18:05,189 - INFO - ======================================================================
2025-11-12 23:22:12,803 - INFO - 📥 Scrape triggered by: test
2025-11-12 23:22:12,804 - INFO - 🚀 Starting SOI scraper...
2025-11-12 23:22:12,804 - INFO - 127.0.0.1 - - [12/Nov/2025 23:22:12] "POST /trigger HTTP/1.1" 200 -
2025-11-12 23:22:12,804 - ERROR - 💥 Scraper error: [Errno 2] No such file or directory: 'python'
2025-11-13 00:02:33,425 - WARNING - ⚠️  Unauthorized trigger attempt
2025-11-13 00:02:33,425 - INFO - 127.0.0.1 - - [13/Nov/2025 00:02:33] "[31m[1mPOST /trigger HTTP/1.1[0m" 401 -
2025-11-13 00:08:43,021 - WARNING - ⚠️  Unauthorized trigger attempt
2025-11-13 00:08:43,021 - INFO - 127.0.0.1 - - [13/Nov/2025 00:08:43] "[31m[1mPOST /trigger HTTP/1.1[0m" 401 -
2025-11-13 00:50:03,522 - INFO - ======================================================================
2025-11-13 00:50:03,522 - INFO - 🏠 SOI Scraper Service Starting
2025-11-13 00:50:03,522 - INFO - ======================================================================
2025-11-13 00:50:03,522 - INFO - Django Project: /home/mg/Deploy/az_sunshine
2025-11-13 00:50:03,522 - INFO - VPS Webhook: https://167.172.30.134/api/v1/soi/webhook/
2025-11-13 00:50:03,522 - INFO - Service Port: 5000
2025-11-13 00:50:03,522 - INFO - ======================================================================
2025-11-13 01:04:24,311 - INFO - ======================================================================
2025-11-13 01:04:24,311 - INFO - 🏠 SOI Scraper Service Starting
2025-11-13 01:04:24,311 - INFO - ======================================================================
2025-11-13 01:04:24,311 - INFO - Django Project: /home/mg/Deploy/az_sunshine/backend
2025-11-13 01:04:24,311 - INFO - VPS Webhook: https://167.172.30.134/api/v1/soi/webhook/
2025-11-13 01:04:24,311 - INFO - Service Port: 5000
2025-11-13 01:04:24,311 - INFO - ======================================================================
2025-11-13 01:04:24,313 - INFO - [31m[1mWARNING: This is a development server. Do not use it in a production deployment. Use a production WSGI server instead.[0m
 * Running on all addresses (0.0.0.0)
 * Running on http://127.0.0.1:5000
 * Running on http://192.168.1.6:5000
2025-11-13 01:04:24,313 - INFO - [33mPress CTRL+C to quit[0m
2025-11-13 01:04:35,165 - INFO - ======================================================================
2025-11-13 01:04:35,165 - INFO - 🏠 SOI Scraper Service Starting
2025-11-13 01:04:35,165 - INFO - ======================================================================
2025-11-13 01:04:35,165 - INFO - Django Project: /home/mg/Deploy/az_sunshine
2025-11-13 01:04:35,165 - INFO - VPS Webhook: https://167.172.30.134/api/v1/soi/webhook/
2025-11-13 01:04:35,165 - INFO - Service Port: 5000
2025-11-13 01:04:35,165 - INFO - ======================================================================
2025-11-13 01:04:35,167 - INFO - [31m[1mWARNING: This is a development server. Do not use it in a production deployment. Use a production WSGI server instead.[0m
 * Running on all addresses (0.0.0.0)
 * Running on http://127.0.0.1:5000
 * Running on http://192.168.1.6:5000
2025-11-13 01:04:35,167 - INFO - [33mPress CTRL+C to quit[0m
2025-11-13 01:04:43,304 - INFO - ======================================================================
2025-11-13 01:04:43,304 - INFO - 🏠 SOI Scraper Service Starting
2025-11-13 01:04:43,304 - INFO - ======================================================================
2025-11-13 01:04:43,304 - INFO - Django Project: /home/mg/Deploy/az_sunshine/backend
2025-11-13 01:04:43,304 - INFO - VPS Webhook: https://167.172.30.134/api/v1/soi/webhook/
2025-11-13 01:04:43,304 - INFO - Service Port: 5000
2025-11-13 01:04:43,304 - INFO - ======================================================================
2025-11-13 01:04:53,561 - INFO - ======================================================================
2025-11-13 01:04:53,561 - INFO - 🏠 SOI Scraper Service Starting
2025-11-13 01:04:53,561 - INFO - ======================================================================
2025-11-13 01:04:53,561 - INFO - Django Project: /home/mg/Deploy/az_sunshine/backend
2025-11-13 01:04:53,561 - INFO - VPS Webhook: https://167.172.30.134/api/v1/soi/webhook/
2025-11-13 01:04:53,561 - INFO - Service Port: 5000
2025-11-13 01:04:53,561 - INFO - ======================================================================
2025-11-13 01:05:03,808 - INFO - ======================================================================
2025-11-13 01:05:03,808 - INFO - 🏠 SOI Scraper Service Starting
2025-11-13 01:05:03,808 - INFO - ======================================================================
2025-11-13 01:05:03,808 - INFO - Django Project: /home/mg/Deploy/az_sunshine/backend
2025-11-13 01:05:03,808 - INFO - VPS Webhook: https://167.172.30.134/api/v1/soi/webhook/
2025-11-13 01:05:03,808 - INFO - Service Port: 5000
2025-11-13 01:05:03,808 - INFO - ======================================================================
2025-11-13 01:05:14,076 - INFO - ======================================================================
2025-11-13 01:05:14,076 - INFO - 🏠 SOI Scraper Service Starting
2025-11-13 01:05:14,076 - INFO - ======================================================================
2025-11-13 01:05:14,076 - INFO - Django Project: /home/mg/Deploy/az_sunshine/backend
2025-11-13 01:05:14,077 - INFO - VPS Webhook: https://167.172.30.134/api/v1/soi/webhook/
2025-11-13 01:05:14,077 - INFO - Service Port: 5000
2025-11-13 01:05:14,077 - INFO - ======================================================================
2025-11-13 01:05:24,312 - INFO - ======================================================================
2025-11-13 01:05:24,312 - INFO - 🏠 SOI Scraper Service Starting
2025-11-13 01:05:24,312 - INFO - ======================================================================
2025-11-13 01:05:24,312 - INFO - Django Project: /home/mg/Deploy/az_sunshine/backend
2025-11-13 01:05:24,312 - INFO - VPS Webhook: https://167.172.30.134/api/v1/soi/webhook/
2025-11-13 01:05:24,312 - INFO - Service Port: 5000
2025-11-13 01:05:24,312 - INFO - ======================================================================
2025-11-13 01:05:34,568 - INFO - ======================================================================
2025-11-13 01:05:34,568 - INFO - 🏠 SOI Scraper Service Starting
2025-11-13 01:05:34,568 - INFO - ======================================================================
2025-11-13 01:05:34,569 - INFO - Django Project: /home/mg/Deploy/az_sunshine/backend
2025-11-13 01:05:34,569 - INFO - VPS Webhook: https://167.172.30.134/api/v1/soi/webhook/
2025-11-13 01:05:34,569 - INFO - Service Port: 5000
2025-11-13 01:05:34,569 - INFO - ======================================================================
2025-11-13 01:05:44,808 - INFO - ======================================================================
2025-11-13 01:05:44,808 - INFO - 🏠 SOI Scraper Service Starting
2025-11-13 01:05:44,808 - INFO - ======================================================================
2025-11-13 01:05:44,808 - INFO - Django Project: /home/mg/Deploy/az_sunshine/backend
2025-11-13 01:05:44,808 - INFO - VPS Webhook: https://167.172.30.134/api/v1/soi/webhook/
2025-11-13 01:05:44,808 - INFO - Service Port: 5000
2025-11-13 01:05:44,808 - INFO - ======================================================================
2025-11-13 01:05:55,060 - INFO - ======================================================================
2025-11-13 01:05:55,060 - INFO - 🏠 SOI Scraper Service Starting
2025-11-13 01:05:55,060 - INFO - ======================================================================
2025-11-13 01:05:55,060 - INFO - Django Project: /home/mg/Deploy/az_sunshine/backend
2025-11-13 01:05:55,060 - INFO - VPS Webhook: https://167.172.30.134/api/v1/soi/webhook/
2025-11-13 01:05:55,060 - INFO - Service Port: 5000
2025-11-13 01:05:55,060 - INFO - ======================================================================
2025-11-13 01:06:05,318 - INFO - ======================================================================
2025-11-13 01:06:05,318 - INFO - 🏠 SOI Scraper Service Starting
2025-11-13 01:06:05,318 - INFO - ======================================================================
2025-11-13 01:06:05,318 - INFO - Django Project: /home/mg/Deploy/az_sunshine/backend
2025-11-13 01:06:05,318 - INFO - VPS Webhook: https://167.172.30.134/api/v1/soi/webhook/
2025-11-13 01:06:05,318 - INFO - Service Port: 5000
2025-11-13 01:06:05,318 - INFO - ======================================================================
2025-11-13 01:06:15,567 - INFO - ======================================================================
2025-11-13 01:06:15,567 - INFO - 🏠 SOI Scraper Service Starting
2025-11-13 01:06:15,567 - INFO - ======================================================================
2025-11-13 01:06:15,567 - INFO - Django Project: /home/mg/Deploy/az_sunshine/backend
2025-11-13 01:06:15,567 - INFO - VPS Webhook: https://167.172.30.134/api/v1/soi/webhook/
2025-11-13 01:06:15,567 - INFO - Service Port: 5000
2025-11-13 01:06:15,567 - INFO - ======================================================================
2025-11-13 01:06:25,791 - INFO - ======================================================================
2025-11-13 01:06:25,791 - INFO - 🏠 SOI Scraper Service Starting
2025-11-13 01:06:25,792 - INFO - ======================================================================
2025-11-13 01:06:25,792 - INFO - Django Project: /home/mg/Deploy/az_sunshine/backend
2025-11-13 01:06:25,792 - INFO - VPS Webhook: https://167.172.30.134/api/v1/soi/webhook/
2025-11-13 01:06:25,792 - INFO - Service Port: 5000
2025-11-13 01:06:25,792 - INFO - ======================================================================
2025-11-13 01:06:36,068 - INFO - ======================================================================
2025-11-13 01:06:36,068 - INFO - 🏠 SOI Scraper Service Starting
2025-11-13 01:06:36,068 - INFO - ======================================================================
2025-11-13 01:06:36,068 - INFO - Django Project: /home/mg/Deploy/az_sunshine/backend
2025-11-13 01:06:36,068 - INFO - VPS Webhook: https://167.172.30.134/api/v1/soi/webhook/
2025-11-13 01:06:36,068 - INFO - Service Port: 5000
2025-11-13 01:06:36,068 - INFO - ======================================================================
2025-11-13 01:06:46,306 - INFO - ======================================================================
2025-11-13 01:06:46,306 - INFO - 🏠 SOI Scraper Service Starting
2025-11-13 01:06:46,306 - INFO - ======================================================================
2025-11-13 01:06:46,306 - INFO - Django Project: /home/mg/Deploy/az_sunshine/backend
2025-11-13 01:06:46,306 - INFO - VPS Webhook: https://167.172.30.134/api/v1/soi/webhook/
2025-11-13 01:06:46,306 - INFO - Service Port: 5000
2025-11-13 01:06:46,306 - INFO - ======================================================================
2025-11-13 01:06:56,535 - INFO - ======================================================================
2025-11-13 01:06:56,535 - INFO - 🏠 SOI Scraper Service Starting
2025-11-13 01:06:56,535 - INFO - ======================================================================
2025-11-13 01:06:56,535 - INFO - Django Project: /home/mg/Deploy/az_sunshine/backend
2025-11-13 01:06:56,536 - INFO - VPS Webhook: https://167.172.30.134/api/v1/soi/webhook/
2025-11-13 01:06:56,536 - INFO - Service Port: 5000
2025-11-13 01:06:56,536 - INFO - ======================================================================
2025-11-13 01:07:06,814 - INFO - ======================================================================
2025-11-13 01:07:06,814 - INFO - 🏠 SOI Scraper Service Starting
2025-11-13 01:07:06,814 - INFO - ======================================================================
2025-11-13 01:07:06,814 - INFO - Django Project: /home/mg/Deploy/az_sunshine/backend
2025-11-13 01:07:06,814 - INFO - VPS Webhook: https://167.172.30.134/api/v1/soi/webhook/
2025-11-13 01:07:06,814 - INFO - Service Port: 5000
2025-11-13 01:07:06,814 - INFO - ======================================================================
2025-11-13 01:07:17,045 - INFO - ======================================================================
2025-11-13 01:07:17,046 - INFO - 🏠 SOI Scraper Service Starting
2025-11-13 01:07:17,046 - INFO - ======================================================================
2025-11-13 01:07:17,046 - INFO - Django Project: /home/mg/Deploy/az_sunshine/backend
2025-11-13 01:07:17,046 - INFO - VPS Webhook: https://167.172.30.134/api/v1/soi/webhook/
2025-11-13 01:07:17,046 - INFO - Service Port: 5000
2025-11-13 01:07:17,046 - INFO - ======================================================================
2025-11-13 01:07:27,297 - INFO - ======================================================================
2025-11-13 01:07:27,297 - INFO - 🏠 SOI Scraper Service Starting
2025-11-13 01:07:27,297 - INFO - ======================================================================
2025-11-13 01:07:27,297 - INFO - Django Project: /home/mg/Deploy/az_sunshine/backend
2025-11-13 01:07:27,297 - INFO - VPS Webhook: https://167.172.30.134/api/v1/soi/webhook/
2025-11-13 01:07:27,297 - INFO - Service Port: 5000
2025-11-13 01:07:27,297 - INFO - ======================================================================
2025-11-13 01:07:37,539 - INFO - ======================================================================
2025-11-13 01:07:37,539 - INFO - 🏠 SOI Scraper Service Starting
2025-11-13 01:07:37,539 - INFO - ======================================================================
2025-11-13 01:07:37,539 - INFO - Django Project: /home/mg/Deploy/az_sunshine/backend
2025-11-13 01:07:37,539 - INFO - VPS Webhook: https://167.172.30.134/api/v1/soi/webhook/
2025-11-13 01:07:37,539 - INFO - Service Port: 5000
2025-11-13 01:07:37,539 - INFO - ======================================================================
2025-11-13 01:07:47,789 - INFO - ======================================================================
2025-11-13 01:07:47,789 - INFO - 🏠 SOI Scraper Service Starting
2025-11-13 01:07:47,790 - INFO - ======================================================================
2025-11-13 01:07:47,790 - INFO - Django Project: /home/mg/Deploy/az_sunshine/backend
2025-11-13 01:07:47,790 - INFO - VPS Webhook: https://167.172.30.134/api/v1/soi/webhook/
2025-11-13 01:07:47,790 - INFO - Service Port: 5000
2025-11-13 01:07:47,790 - INFO - ======================================================================
2025-11-13 01:07:58,058 - INFO - ======================================================================
2025-11-13 01:07:58,058 - INFO - 🏠 SOI Scraper Service Starting
2025-11-13 01:07:58,058 - INFO - ======================================================================
2025-11-13 01:07:58,058 - INFO - Django Project: /home/mg/Deploy/az_sunshine/backend
2025-11-13 01:07:58,058 - INFO - VPS Webhook: https://167.172.30.134/api/v1/soi/webhook/
2025-11-13 01:07:58,058 - INFO - Service Port: 5000
2025-11-13 01:07:58,058 - INFO - ======================================================================
2025-11-13 01:08:08,376 - INFO - ======================================================================
2025-11-13 01:08:08,376 - INFO - 🏠 SOI Scraper Service Starting
2025-11-13 01:08:08,376 - INFO - ======================================================================
2025-11-13 01:08:08,376 - INFO - Django Project: /home/mg/Deploy/az_sunshine/backend
2025-11-13 01:08:08,376 - INFO - VPS Webhook: https://167.172.30.134/api/v1/soi/webhook/
2025-11-13 01:08:08,376 - INFO - Service Port: 5000
2025-11-13 01:08:08,376 - INFO - ======================================================================
2025-11-13 01:08:18,570 - INFO - ======================================================================
2025-11-13 01:08:18,570 - INFO - 🏠 SOI Scraper Service Starting
2025-11-13 01:08:18,570 - INFO - ======================================================================
2025-11-13 01:08:18,570 - INFO - Django Project: /home/mg/Deploy/az_sunshine/backend
2025-11-13 01:08:18,570 - INFO - VPS Webhook: https://167.172.30.134/api/v1/soi/webhook/
2025-11-13 01:08:18,570 - INFO - Service Port: 5000
2025-11-13 01:08:18,570 - INFO - ======================================================================
2025-11-13 01:08:28,803 - INFO - ======================================================================
2025-11-13 01:08:28,803 - INFO - 🏠 SOI Scraper Service Starting
2025-11-13 01:08:28,803 - INFO - ======================================================================
2025-11-13 01:08:28,803 - INFO - Django Project: /home/mg/Deploy/az_sunshine/backend
2025-11-13 01:08:28,803 - INFO - VPS Webhook: https://167.172.30.134/api/v1/soi/webhook/
2025-11-13 01:08:28,803 - INFO - Service Port: 5000
2025-11-13 01:08:28,803 - INFO - ======================================================================
2025-11-13 01:08:39,065 - INFO - ======================================================================
2025-11-13 01:08:39,065 - INFO - 🏠 SOI Scraper Service Starting
2025-11-13 01:08:39,065 - INFO - ======================================================================
2025-11-13 01:08:39,065 - INFO - Django Project: /home/mg/Deploy/az_sunshine/backend
2025-11-13 01:08:39,065 - INFO - VPS Webhook: https://167.172.30.134/api/v1/soi/webhook/
2025-11-13 01:08:39,065 - INFO - Service Port: 5000
2025-11-13 01:08:39,065 - INFO - ======================================================================
2025-11-13 01:08:49,312 - INFO - ======================================================================
2025-11-13 01:08:49,312 - INFO - 🏠 SOI Scraper Service Starting
2025-11-13 01:08:49,312 - INFO - ======================================================================
2025-11-13 01:08:49,312 - INFO - Django Project: /home/mg/Deploy/az_sunshine/backend
2025-11-13 01:08:49,312 - INFO - VPS Webhook: https://167.172.30.134/api/v1/soi/webhook/
2025-11-13 01:08:49,312 - INFO - Service Port: 5000
2025-11-13 01:08:49,312 - INFO - ======================================================================
2025-11-13 01:08:59,553 - INFO - ======================================================================
2025-11-13 01:08:59,553 - INFO - 🏠 SOI Scraper Service Starting
2025-11-13 01:08:59,553 - INFO - ======================================================================
2025-11-13 01:08:59,553 - INFO - Django Project: /home/mg/Deploy/az_sunshine/backend
2025-11-13 01:08:59,553 - INFO - VPS Webhook: https://167.172.30.134/api/v1/soi/webhook/
2025-11-13 01:08:59,553 - INFO - Service Port: 5000
2025-11-13 01:08:59,553 - INFO - ======================================================================
2025-11-13 01:09:09,806 - INFO - ======================================================================
2025-11-13 01:09:09,806 - INFO - 🏠 SOI Scraper Service Starting
2025-11-13 01:09:09,806 - INFO - ======================================================================
2025-11-13 01:09:09,806 - INFO - Django Project: /home/mg/Deploy/az_sunshine/backend
2025-11-13 01:09:09,806 - INFO - VPS Webhook: https://167.172.30.134/api/v1/soi/webhook/
2025-11-13 01:09:09,806 - INFO - Service Port: 5000
2025-11-13 01:09:09,806 - INFO - ======================================================================
2025-11-13 01:09:20,047 - INFO - ======================================================================
2025-11-13 01:09:20,047 - INFO - 🏠 SOI Scraper Service Starting
2025-11-13 01:09:20,047 - INFO - ======================================================================
2025-11-13 01:09:20,047 - INFO - Django Project: /home/mg/Deploy/az_sunshine/backend
2025-11-13 01:09:20,047 - INFO - VPS Webhook: https://167.172.30.134/api/v1/soi/webhook/
2025-11-13 01:09:20,047 - INFO - Service Port: 5000
2025-11-13 01:09:20,047 - INFO - ======================================================================
2025-11-13 01:09:30,311 - INFO - ======================================================================
2025-11-13 01:09:30,311 - INFO - 🏠 SOI Scraper Service Starting
2025-11-13 01:09:30,311 - INFO - ======================================================================
2025-11-13 01:09:30,311 - INFO - Django Project: /home/mg/Deploy/az_sunshine/backend
2025-11-13 01:09:30,311 - INFO - VPS Webhook: https://167.172.30.134/api/v1/soi/webhook/
2025-11-13 01:09:30,311 - INFO - Service Port: 5000
2025-11-13 01:09:30,311 - INFO - ======================================================================
2025-11-13 01:09:40,564 - INFO - ======================================================================
2025-11-13 01:09:40,564 - INFO - 🏠 SOI Scraper Service Starting
2025-11-13 01:09:40,564 - INFO - ======================================================================
2025-11-13 01:09:40,564 - INFO - Django Project: /home/mg/Deploy/az_sunshine/backend
2025-11-13 01:09:40,564 - INFO - VPS Webhook: https://167.172.30.134/api/v1/soi/webhook/
2025-11-13 01:09:40,564 - INFO - Service Port: 5000
2025-11-13 01:09:40,564 - INFO - ======================================================================
2025-11-13 01:09:50,812 - INFO - ======================================================================
2025-11-13 01:09:50,812 - INFO - 🏠 SOI Scraper Service Starting
2025-11-13 01:09:50,812 - INFO - ======================================================================
2025-11-13 01:09:50,812 - INFO - Django Project: /home/mg/Deploy/az_sunshine/backend
2025-11-13 01:09:50,812 - INFO - VPS Webhook: https://167.172.30.134/api/v1/soi/webhook/
2025-11-13 01:09:50,812 - INFO - Service Port: 5000
2025-11-13 01:09:50,812 - INFO - ======================================================================
2025-11-13 01:10:01,053 - INFO - ======================================================================
2025-11-13 01:10:01,053 - INFO - 🏠 SOI Scraper Service Starting
2025-11-13 01:10:01,053 - INFO - ======================================================================
2025-11-13 01:10:01,053 - INFO - Django Project: /home/mg/Deploy/az_sunshine/backend
2025-11-13 01:10:01,053 - INFO - VPS Webhook: https://167.172.30.134/api/v1/soi/webhook/
2025-11-13 01:10:01,053 - INFO - Service Port: 5000
2025-11-13 01:10:01,053 - INFO - ======================================================================
2025-11-13 01:10:11,305 - INFO - ======================================================================
2025-11-13 01:10:11,305 - INFO - 🏠 SOI Scraper Service Starting
2025-11-13 01:10:11,305 - INFO - ======================================================================
2025-11-13 01:10:11,305 - INFO - Django Project: /home/mg/Deploy/az_sunshine/backend
2025-11-13 01:10:11,305 - INFO - VPS Webhook: https://167.172.30.134/api/v1/soi/webhook/
2025-11-13 01:10:11,305 - INFO - Service Port: 5000
2025-11-13 01:10:11,305 - INFO - ======================================================================
2025-11-13 01:10:21,551 - INFO - ======================================================================
2025-11-13 01:10:21,551 - INFO - 🏠 SOI Scraper Service Starting
2025-11-13 01:10:21,551 - INFO - ======================================================================
2025-11-13 01:10:21,551 - INFO - Django Project: /home/mg/Deploy/az_sunshine/backend
2025-11-13 01:10:21,551 - INFO - VPS Webhook: https://167.172.30.134/api/v1/soi/webhook/
2025-11-13 01:10:21,551 - INFO - Service Port: 5000
2025-11-13 01:10:21,551 - INFO - ======================================================================
2025-11-13 01:10:31,793 - INFO - ======================================================================
2025-11-13 01:10:31,793 - INFO - 🏠 SOI Scraper Service Starting
2025-11-13 01:10:31,793 - INFO - ======================================================================
2025-11-13 01:10:31,793 - INFO - Django Project: /home/mg/Deploy/az_sunshine/backend
2025-11-13 01:10:31,793 - INFO - VPS Webhook: https://167.172.30.134/api/v1/soi/webhook/
2025-11-13 01:10:31,793 - INFO - Service Port: 5000
2025-11-13 01:10:31,793 - INFO - ======================================================================
2025-11-13 01:10:42,037 - INFO - ======================================================================
2025-11-13 01:10:42,037 - INFO - 🏠 SOI Scraper Service Starting
2025-11-13 01:10:42,037 - INFO - ======================================================================
2025-11-13 01:10:42,037 - INFO - Django Project: /home/mg/Deploy/az_sunshine/backend
2025-11-13 01:10:42,037 - INFO - VPS Webhook: https://167.172.30.134/api/v1/soi/webhook/
2025-11-13 01:10:42,037 - INFO - Service Port: 5000
2025-11-13 01:10:42,037 - INFO - ======================================================================
2025-11-13 01:10:52,306 - INFO - ======================================================================
2025-11-13 01:10:52,306 - INFO - 🏠 SOI Scraper Service Starting
2025-11-13 01:10:52,306 - INFO - ======================================================================
2025-11-13 01:10:52,306 - INFO - Django Project: /home/mg/Deploy/az_sunshine/backend
2025-11-13 01:10:52,306 - INFO - VPS Webhook: https://167.172.30.134/api/v1/soi/webhook/
2025-11-13 01:10:52,306 - INFO - Service Port: 5000
2025-11-13 01:10:52,306 - INFO - ======================================================================
2025-11-13 01:11:02,565 - INFO - ======================================================================
2025-11-13 01:11:02,565 - INFO - 🏠 SOI Scraper Service Starting
2025-11-13 01:11:02,566 - INFO - ======================================================================
2025-11-13 01:11:02,566 - INFO - Django Project: /home/mg/Deploy/az_sunshine/backend
2025-11-13 01:11:02,566 - INFO - VPS Webhook: https://167.172.30.134/api/v1/soi/webhook/
2025-11-13 01:11:02,566 - INFO - Service Port: 5000
2025-11-13 01:11:02,566 - INFO - ======================================================================
2025-11-13 01:11:12,789 - INFO - ======================================================================
2025-11-13 01:11:12,789 - INFO - 🏠 SOI Scraper Service Starting
2025-11-13 01:11:12,789 - INFO - ======================================================================
2025-11-13 01:11:12,789 - INFO - Django Project: /home/mg/Deploy/az_sunshine/backend
2025-11-13 01:11:12,789 - INFO - VPS Webhook: https://167.172.30.134/api/v1/soi/webhook/
2025-11-13 01:11:12,789 - INFO - Service Port: 5000
2025-11-13 01:11:12,789 - INFO - ======================================================================
2025-11-13 01:11:23,056 - INFO - ======================================================================
2025-11-13 01:11:23,056 - INFO - 🏠 SOI Scraper Service Starting
2025-11-13 01:11:23,056 - INFO - ======================================================================
2025-11-13 01:11:23,057 - INFO - Django Project: /home/mg/Deploy/az_sunshine/backend
2025-11-13 01:11:23,057 - INFO - VPS Webhook: https://167.172.30.134/api/v1/soi/webhook/
2025-11-13 01:11:23,057 - INFO - Service Port: 5000
2025-11-13 01:11:23,057 - INFO - ======================================================================
2025-11-13 01:11:33,288 - INFO - ======================================================================
2025-11-13 01:11:33,288 - INFO - 🏠 SOI Scraper Service Starting
2025-11-13 01:11:33,288 - INFO - ======================================================================
2025-11-13 01:11:33,288 - INFO - Django Project: /home/mg/Deploy/az_sunshine/backend
2025-11-13 01:11:33,288 - INFO - VPS Webhook: https://167.172.30.134/api/v1/soi/webhook/
2025-11-13 01:11:33,288 - INFO - Service Port: 5000
2025-11-13 01:11:33,288 - INFO - ======================================================================
2025-11-13 01:11:43,594 - INFO - ======================================================================
2025-11-13 01:11:43,594 - INFO - 🏠 SOI Scraper Service Starting
2025-11-13 01:11:43,594 - INFO - ======================================================================
2025-11-13 01:11:43,594 - INFO - Django Project: /home/mg/Deploy/az_sunshine/backend
2025-11-13 01:11:43,594 - INFO - VPS Webhook: https://167.172.30.134/api/v1/soi/webhook/
2025-11-13 01:11:43,594 - INFO - Service Port: 5000
2025-11-13 01:11:43,594 - INFO - ======================================================================
2025-11-13 01:11:53,799 - INFO - ======================================================================
2025-11-13 01:11:53,799 - INFO - 🏠 SOI Scraper Service Starting
2025-11-13 01:11:53,799 - INFO - ======================================================================
2025-11-13 01:11:53,799 - INFO - Django Project: /home/mg/Deploy/az_sunshine/backend
2025-11-13 01:11:53,799 - INFO - VPS Webhook: https://167.172.30.134/api/v1/soi/webhook/
2025-11-13 01:11:53,799 - INFO - Service Port: 5000
2025-11-13 01:11:53,799 - INFO - ======================================================================
2025-11-13 01:12:04,063 - INFO - ======================================================================
2025-11-13 01:12:04,063 - INFO - 🏠 SOI Scraper Service Starting
2025-11-13 01:12:04,063 - INFO - ======================================================================
2025-11-13 01:12:04,063 - INFO - Django Project: /home/mg/Deploy/az_sunshine/backend
2025-11-13 01:12:04,063 - INFO - VPS Webhook: https://167.172.30.134/api/v1/soi/webhook/
2025-11-13 01:12:04,063 - INFO - Service Port: 5000
2025-11-13 01:12:04,063 - INFO - ======================================================================
2025-11-13 01:12:14,308 - INFO - ======================================================================
2025-11-13 01:12:14,309 - INFO - 🏠 SOI Scraper Service Starting
2025-11-13 01:12:14,309 - INFO - ======================================================================
2025-11-13 01:12:14,309 - INFO - Django Project: /home/mg/Deploy/az_sunshine/backend
2025-11-13 01:12:14,309 - INFO - VPS Webhook: https://167.172.30.134/api/v1/soi/webhook/
2025-11-13 01:12:14,309 - INFO - Service Port: 5000
2025-11-13 01:12:14,309 - INFO - ======================================================================
